<?xml version="1.0" encoding="UTF-8"?>
<testsuite name="com.kbstar.springboot.study.domain.posts.PostsRepositoryTest" tests="1" skipped="0" failures="0" errors="0" timestamp="2022-04-21T07:29:41" hostname="Joobees-MacBook-Pro.local" time="0.479">
  <properties/>
  <testcase name="saveAndLoad()" classname="com.kbstar.springboot.study.domain.posts.PostsRepositoryTest" time="0.479"/>
  <system-out><![CDATA[16:29:36.867 [Test worker] DEBUG org.springframework.test.context.BootstrapUtils - Instantiating CacheAwareContextLoaderDelegate from class [org.springframework.test.context.cache.DefaultCacheAwareContextLoaderDelegate]
16:29:36.889 [Test worker] DEBUG org.springframework.test.context.BootstrapUtils - Instantiating BootstrapContext using constructor [public org.springframework.test.context.support.DefaultBootstrapContext(java.lang.Class,org.springframework.test.context.CacheAwareContextLoaderDelegate)]
16:29:36.935 [Test worker] DEBUG org.springframework.test.context.BootstrapUtils - Instantiating TestContextBootstrapper for test class [com.kbstar.springboot.study.domain.posts.PostsRepositoryTest] from class [org.springframework.boot.test.context.SpringBootTestContextBootstrapper]
16:29:36.951 [Test worker] INFO org.springframework.boot.test.context.SpringBootTestContextBootstrapper - Neither @ContextConfiguration nor @ContextHierarchy found for test class [com.kbstar.springboot.study.domain.posts.PostsRepositoryTest], using SpringBootContextLoader
16:29:36.956 [Test worker] DEBUG org.springframework.test.context.support.AbstractContextLoader - Did not detect default resource location for test class [com.kbstar.springboot.study.domain.posts.PostsRepositoryTest]: class path resource [com/kbstar/springboot/study/domain/posts/PostsRepositoryTest-context.xml] does not exist
16:29:36.956 [Test worker] DEBUG org.springframework.test.context.support.AbstractContextLoader - Did not detect default resource location for test class [com.kbstar.springboot.study.domain.posts.PostsRepositoryTest]: class path resource [com/kbstar/springboot/study/domain/posts/PostsRepositoryTestContext.groovy] does not exist
16:29:36.957 [Test worker] INFO org.springframework.test.context.support.AbstractContextLoader - Could not detect default resource locations for test class [com.kbstar.springboot.study.domain.posts.PostsRepositoryTest]: no resource found for suffixes {-context.xml, Context.groovy}.
16:29:36.957 [Test worker] INFO org.springframework.test.context.support.AnnotationConfigContextLoaderUtils - Could not detect default configuration classes for test class [com.kbstar.springboot.study.domain.posts.PostsRepositoryTest]: PostsRepositoryTest does not declare any static, non-private, non-final, nested classes annotated with @Configuration.
16:29:37.023 [Test worker] DEBUG org.springframework.test.context.support.ActiveProfilesUtils - Could not find an 'annotation declaring class' for annotation type [org.springframework.test.context.ActiveProfiles] and class [com.kbstar.springboot.study.domain.posts.PostsRepositoryTest]
16:29:37.116 [Test worker] DEBUG org.springframework.context.annotation.ClassPathScanningCandidateComponentProvider - Identified candidate component class: file [/Users/joobeejung/kbsb/build/classes/java/main/com/kbstar/springboot/study/Application.class]
16:29:37.117 [Test worker] INFO org.springframework.boot.test.context.SpringBootTestContextBootstrapper - Found @SpringBootConfiguration com.kbstar.springboot.study.Application for test class com.kbstar.springboot.study.domain.posts.PostsRepositoryTest
16:29:37.232 [Test worker] DEBUG org.springframework.boot.test.context.SpringBootTestContextBootstrapper - @TestExecutionListeners is not present for class [com.kbstar.springboot.study.domain.posts.PostsRepositoryTest]: using defaults.
16:29:37.233 [Test worker] INFO org.springframework.boot.test.context.SpringBootTestContextBootstrapper - Loaded default TestExecutionListener class names from location [META-INF/spring.factories]: [org.springframework.boot.test.autoconfigure.restdocs.RestDocsTestExecutionListener, org.springframework.boot.test.autoconfigure.web.client.MockRestServiceServerResetTestExecutionListener, org.springframework.boot.test.autoconfigure.web.servlet.MockMvcPrintOnlyOnFailureTestExecutionListener, org.springframework.boot.test.autoconfigure.web.servlet.WebDriverTestExecutionListener, org.springframework.boot.test.autoconfigure.webservices.client.MockWebServiceServerTestExecutionListener, org.springframework.boot.test.mock.mockito.MockitoTestExecutionListener, org.springframework.boot.test.mock.mockito.ResetMocksTestExecutionListener, org.springframework.test.context.web.ServletTestExecutionListener, org.springframework.test.context.support.DirtiesContextBeforeModesTestExecutionListener, org.springframework.test.context.support.DependencyInjectionTestExecutionListener, org.springframework.test.context.support.DirtiesContextTestExecutionListener, org.springframework.test.context.transaction.TransactionalTestExecutionListener, org.springframework.test.context.jdbc.SqlScriptsTestExecutionListener, org.springframework.test.context.event.EventPublishingTestExecutionListener]
16:29:37.278 [Test worker] INFO org.springframework.boot.test.context.SpringBootTestContextBootstrapper - Using TestExecutionListeners: [org.springframework.test.context.web.ServletTestExecutionListener@17282e19, org.springframework.test.context.support.DirtiesContextBeforeModesTestExecutionListener@a405322, org.springframework.boot.test.mock.mockito.MockitoTestExecutionListener@5e00ef3b, org.springframework.boot.test.autoconfigure.SpringBootDependencyInjectionTestExecutionListener@53ea465e, org.springframework.test.context.support.DirtiesContextTestExecutionListener@5e4e2dc, org.springframework.test.context.transaction.TransactionalTestExecutionListener@d356801, org.springframework.test.context.jdbc.SqlScriptsTestExecutionListener@549537ab, org.springframework.test.context.event.EventPublishingTestExecutionListener@55cc53d1, org.springframework.boot.test.autoconfigure.restdocs.RestDocsTestExecutionListener@779cb9b6, org.springframework.boot.test.autoconfigure.web.client.MockRestServiceServerResetTestExecutionListener@51cfa224, org.springframework.boot.test.autoconfigure.web.servlet.MockMvcPrintOnlyOnFailureTestExecutionListener@2c1aefd9, org.springframework.boot.test.autoconfigure.web.servlet.WebDriverTestExecutionListener@1bff7350, org.springframework.boot.test.autoconfigure.webservices.client.MockWebServiceServerTestExecutionListener@93c2890, org.springframework.boot.test.mock.mockito.ResetMocksTestExecutionListener@25ce6511]
16:29:37.284 [Test worker] DEBUG org.springframework.test.context.support.AbstractDirtiesContextTestExecutionListener - Before test class: context [DefaultTestContext@3c61e20a testClass = PostsRepositoryTest, testInstance = [null], testMethod = [null], testException = [null], mergedContextConfiguration = [WebMergedContextConfiguration@159697ca testClass = PostsRepositoryTest, locations = '{}', classes = '{class com.kbstar.springboot.study.Application}', contextInitializerClasses = '[]', activeProfiles = '{}', propertySourceLocations = '{}', propertySourceProperties = '{org.springframework.boot.test.context.SpringBootTestContextBootstrapper=true}', contextCustomizers = set[org.springframework.boot.test.autoconfigure.actuate.metrics.MetricsExportContextCustomizerFactory$DisableMetricExportContextCustomizer@ffbb81d, org.springframework.boot.test.autoconfigure.properties.PropertyMappingContextCustomizer@0, org.springframework.boot.test.autoconfigure.web.servlet.WebDriverContextCustomizerFactory$Customizer@ff65f61, org.springframework.boot.test.context.filter.ExcludeFilterContextCustomizer@1f4652e2, org.springframework.boot.test.json.DuplicateJsonObjectContextCustomizerFactory$DuplicateJsonObjectContextCustomizer@36ca32e3, org.springframework.boot.test.mock.mockito.MockitoContextCustomizer@0, org.springframework.boot.test.web.client.TestRestTemplateContextCustomizer@16d98a1c, org.springframework.boot.test.context.SpringBootTestArgs@1, org.springframework.boot.test.context.SpringBootTestWebEnvironment@2e00802f], resourceBasePath = 'src/main/webapp', contextLoader = 'org.springframework.boot.test.context.SpringBootContextLoader', parent = [null]], attributes = map['org.springframework.test.context.web.ServletTestExecutionListener.activateListener' -> true]], class annotated with @DirtiesContext [false] with mode [null].
16:29:37.322 [Test worker] DEBUG org.springframework.test.context.support.TestPropertySourceUtils - Adding inlined properties to environment: {spring.jmx.enabled=false, org.springframework.boot.test.context.SpringBootTestContextBootstrapper=true}

  .   ____          _            __ _ _
 /\\ / ___'_ __ _ _(_)_ __  __ _ \ \ \ \
( ( )\___ | '_ | '_| | '_ \/ _` | \ \ \ \
 \\/  ___)| |_)| | | | | || (_| |  ) ) ) )
  '  |____| .__|_| |_|_| |_\__, | / / / /
 =========|_|==============|___/=/_/_/_/
 :: Spring Boot ::                (v2.4.1)

2022-04-21 16:29:37.625  INFO 9886 --- [    Test worker] c.k.s.s.d.posts.PostsRepositoryTest      : Starting PostsRepositoryTest using Java 1.8.0_322 on Joobees-MacBook-Pro.local with PID 9886 (started by joobeejung in /Users/joobeejung/kbsb)
2022-04-21 16:29:37.663  INFO 9886 --- [    Test worker] c.k.s.s.d.posts.PostsRepositoryTest      : No active profile set, falling back to default profiles: default
2022-04-21 16:29:38.298  INFO 9886 --- [    Test worker] .s.d.r.c.RepositoryConfigurationDelegate : Bootstrapping Spring Data JPA repositories in DEFAULT mode.
2022-04-21 16:29:38.352  INFO 9886 --- [    Test worker] .s.d.r.c.RepositoryConfigurationDelegate : Finished Spring Data repository scanning in 44 ms. Found 1 JPA repository interfaces.
2022-04-21 16:29:38.864  INFO 9886 --- [    Test worker] com.zaxxer.hikari.HikariDataSource       : HikariPool-1 - Starting...
2022-04-21 16:29:39.190  INFO 9886 --- [    Test worker] com.zaxxer.hikari.HikariDataSource       : HikariPool-1 - Start completed.
2022-04-21 16:29:39.316  INFO 9886 --- [    Test worker] o.hibernate.jpa.internal.util.LogHelper  : HHH000204: Processing PersistenceUnitInfo [name: default]
2022-04-21 16:29:39.411  INFO 9886 --- [    Test worker] org.hibernate.Version                    : HHH000412: Hibernate ORM core version 5.4.25.Final
2022-04-21 16:29:39.656  INFO 9886 --- [    Test worker] o.hibernate.annotations.common.Version   : HCANN000001: Hibernate Commons Annotations {5.1.2.Final}
2022-04-21 16:29:39.794  INFO 9886 --- [    Test worker] org.hibernate.dialect.Dialect            : HHH000400: Using dialect: org.hibernate.dialect.MySQL57Dialect
Hibernate: drop table if exists posts
Hibernate: create table posts (id bigint not null auto_increment, author varchar(255), content TEXT not null, title varchar(500) not null, primary key (id)) engine=InnoDB
2022-04-21 16:29:40.547  INFO 9886 --- [    Test worker] o.h.e.t.j.p.i.JtaPlatformInitiator       : HHH000490: Using JtaPlatform implementation: [org.hibernate.engine.transaction.jta.platform.internal.NoJtaPlatform]
2022-04-21 16:29:40.560  INFO 9886 --- [    Test worker] j.LocalContainerEntityManagerFactoryBean : Initialized JPA EntityManagerFactory for persistence unit 'default'
2022-04-21 16:29:40.777  WARN 9886 --- [    Test worker] JpaBaseConfiguration$JpaWebConfiguration : spring.jpa.open-in-view is enabled by default. Therefore, database queries may be performed during view rendering. Explicitly configure spring.jpa.open-in-view to disable this warning
2022-04-21 16:29:40.974  INFO 9886 --- [    Test worker] o.s.s.concurrent.ThreadPoolTaskExecutor  : Initializing ExecutorService 'applicationTaskExecutor'
2022-04-21 16:29:41.201  WARN 9886 --- [    Test worker] o.s.b.a.m.MustacheAutoConfiguration      : Cannot find template location: classpath:/templates/ (please add some templates, check your Mustache configuration, or set spring.mustache.check-template-location=false)
2022-04-21 16:29:41.593  INFO 9886 --- [    Test worker] c.k.s.s.d.posts.PostsRepositoryTest      : Started PostsRepositoryTest in 4.26 seconds (JVM running for 5.696)
Hibernate: insert into posts (author, content, title) values (?, ?, ?)
Hibernate: select posts0_.id as id1_0_, posts0_.author as author2_0_, posts0_.content as content3_0_, posts0_.title as title4_0_ from posts posts0_
-------------------------- title = 테스트 제목
Hibernate: select posts0_.id as id1_0_, posts0_.author as author2_0_, posts0_.content as content3_0_, posts0_.title as title4_0_ from posts posts0_
Hibernate: delete from posts where id=?
]]></system-out>
  <system-err><![CDATA[]]></system-err>
</testsuite>
